Arguments: 
  C:\Program Files\nodejs\node.exe C:\Program Files (x86)\Yarn\bin\yarn.js add minidump

PATH: 
  C:\Users\liuhy32826\bin;C:\Program Files\Git\mingw64\bin;C:\Program Files\Git\usr\local\bin;C:\Program Files\Git\usr\bin;C:\Program Files\Git\usr\bin;C:\Program Files\Git\mingw64\bin;C:\Program Files\Git\usr\bin;C:\Users\liuhy32826\bin;C:\Windows\system32;C:\Windows;C:\Windows\System32\Wbem;C:\Windows\System32\WindowsPowerShell\v1.0;C:\Windows\System32\OpenSSH;C:\Users\liuhy32826\AppData\Roaming\nvm;C:\Program Files\nodejs;C:\Program Files\Git\cmd;C:\Program Files (x86)\Yarn\bin;C:\Program Files\TortoiseSVN\bin;C:\Program Files (x86)\NetSarang\Xshell 7;C:\Program Files (x86)\NetSarang\Xftp 7;C:\Program Files\Docker\Docker\resources\bin;C:\ProgramData\DockerDesktop\version-bin;C:\Users\liuhy32826\AppData\Local\Microsoft\WindowsApps;C:\Users\liuhy32826\AppData\Roaming\nvm;C:\Program Files\nodejs;C:\Users\liuhy32826\AppData\Local\Yarn\bin;C:\Users\liuhy32826\AppData\Local\atom\bin;C:\Users\liuhy32826\AppData\Local\Programs\Microsoft VS Code\bin;C:\Program Files\Git\usr\bin\vendor_perl;C:\Program Files\Git\usr\bin\core_perl

Yarn version: 
  1.22.4

Node version: 
  14.15.0

Platform: 
  win32 x64

Trace: 
  Error: EBUSY: resource busy or locked, unlink 'F:\trial\tomatoClock\node_modules\electron\dist\icudtl.dat'

npm manifest: 
  {
    "name": "electron-quick-start",
    "version": "1.1.0",
    "description": "A minimal Electron application",
    "main": "main.js",
    "scripts": {
      "start": "electron .",
      "dist": "electron-builder"
    },
    "build": {
      "appId": "tomatoClock",
      "productName": "",
      "asar": false,
      "directories": {
        "output": "dist3"
      },
      "win": {
        "target": [
          "squirrel",
          "nsis"
        ]
      },
      "nsis": {
        "oneClick": false,
        "language": "2052",
        "perMachine": true,
        "allowToChangeInstallationDirectory": true
      },
      "squirrelWindows": {
        "iconUrl": "https://raw.githubusercontent.com/dengyaolong/geektime-electron/master/img/icon.ico"
      }
    },
    "repository": "https://github.com/electron/electron-quick-start",
    "keywords": [
      "Electron",
      "quick",
      "start",
      "tutorial",
      "demo"
    ],
    "author": "GitHub",
    "license": "CC0-1.0",
    "devDependencies": {
      "electron-builder": "^22.10.5",
      "electron": "^13.0.1",
      "electron-builder-squirrel-windows": "^22.11.5"
    },
    "dependencies": {
      "electron-is-dev": "^2.0.0",
      "electron-log": "^4.3.5",
      "electron-squirrel-startup": "^1.0.0",
      "electron-store": "^8.0.0",
      "fs-extra": "^10.0.0",
      "nedb": "^1.8.0",
      "winston": "^3.3.3",
      "winston-daily-rotate-file": "^4.5.5"
    }
  }

yarn manifest: 
  No manifest

Lockfile: 
  No lockfile
